

Microchip MPLAB XC8 Assembler V2.40 build 20220703182018 
                                                                                               Wed Jun 03 13:10:51 2026

Microchip MPLAB XC8 C Compiler v2.40 (Free license) build 20220703182018 Og1 
     1                           	processor	16F877A
     2                           	pagewidth 120
     3                           	opt	flic
     4                           	psect	strings,global,class=STRING,delta=2,noexec
     5                           	psect	cinit,global,class=CODE,merge=1,delta=2
     6                           	psect	bssBANK0,global,class=BANK0,space=1,delta=1,noexec
     7                           	psect	cstackCOMMON,global,class=COMMON,space=1,delta=1,noexec
     8                           	psect	maintext,global,class=CODE,split=1,delta=2
     9                           	psect	text1,local,class=CODE,merge=1,delta=2
    10                           	psect	text2,local,class=CODE,merge=1,delta=2
    11                           	psect	text3,local,class=CODE,merge=1,delta=2
    12                           	psect	text4,local,class=CODE,merge=1,delta=2
    13                           	psect	text5,local,class=CODE,merge=1,delta=2
    14                           	psect	text6,local,class=CODE,merge=1,delta=2
    15                           	psect	text7,local,class=CODE,merge=1,delta=2
    16                           	psect	idloc,global,abs,ovrld,class=IDLOC,space=5,delta=2,noexec
    17                           	psect	config,global,abs,ovrld,class=CONFIG,space=4,delta=2,noexec
    18                           	dabs	1,0x7E,2
    19     0000                     
    20                           ; Version 2.40
    21                           ; Generated 17/11/2021 GMT
    22                           ; 
    23                           ; Copyright © 2021, Microchip Technology Inc. and its subsidiaries ("Microchip")
    24                           ; All rights reserved.
    25                           ; 
    26                           ; This software is developed by Microchip Technology Inc. and its subsidiaries ("Microch
      +                          ip").
    27                           ; 
    28                           ; Redistribution and use in source and binary forms, with or without modification, are
    29                           ; permitted provided that the following conditions are met:
    30                           ; 
    31                           ;     1. Redistributions of source code must retain the above copyright notice, this lis
      +                          t of
    32                           ;        conditions and the following disclaimer.
    33                           ; 
    34                           ;     2. Redistributions in binary form must reproduce the above copyright notice, this 
      +                          list
    35                           ;        of conditions and the following disclaimer in the documentation and/or other
    36                           ;        materials provided with the distribution. Publication is not required when
    37                           ;        this file is used in an embedded application.
    38                           ; 
    39                           ;     3. Microchip's name may not be used to endorse or promote products derived from th
      +                          is
    40                           ;        software without specific prior written permission.
    41                           ; 
    42                           ; THIS SOFTWARE IS PROVIDED BY MICROCHIP "AS IS" AND ANY EXPRESS OR IMPLIED WARRANTIES,
    43                           ; INCLUDING, BUT NOT LIMITED TO, THE IMPLIED WARRANTIES OF MERCHANTABILITY AND FITNESS F
      +                          OR
    44                           ; PURPOSE ARE DISCLAIMED.  IN NO EVENT SHALL MICROCHIP BE LIABLE FOR ANY DIRECT, INDIREC
      +                          T,
    45                           ; INCIDENTAL, SPECIAL, EXEMPLARY, OR CONSEQUENTIAL DAMAGES (INCLUDING BUT NOT LIMITED TO
    46                           ; PROCUREMENT OF SUBSTITUTE GOODS OR SERVICES; LOSS OF USE, DATA OR PROFITS; OR BUSINESS
    47                           ; INTERRUPTION) HOWSOEVER CAUSED AND ON ANY THEORY OF LIABILITY, WHETHER IN CONTRACT, ST
      +                          RICT
    48                           ; LIABILITY, OR TORT (INCLUDING NEGLIGENCE OR OTHERWISE) ARISING IN ANY WAY OUT OF THE U
      +                          SE OF
    49                           ; THIS SOFTWARE, EVEN IF ADVISED OF THE POSSIBILITY OF SUCH DAMAGE.
    50                           ; 
    51                           ; 
    52                           ; Code-generator required, PIC16F877A Definitions
    53                           ; 
    54                           ; SFR Addresses
    55     0000                     	;# 
    56     0001                     	;# 
    57     0002                     	;# 
    58     0003                     	;# 
    59     0004                     	;# 
    60     0005                     	;# 
    61     0006                     	;# 
    62     0007                     	;# 
    63     0008                     	;# 
    64     0009                     	;# 
    65     000A                     	;# 
    66     000B                     	;# 
    67     000C                     	;# 
    68     000D                     	;# 
    69     000E                     	;# 
    70     000E                     	;# 
    71     000F                     	;# 
    72     0010                     	;# 
    73     0011                     	;# 
    74     0012                     	;# 
    75     0013                     	;# 
    76     0014                     	;# 
    77     0015                     	;# 
    78     0015                     	;# 
    79     0016                     	;# 
    80     0017                     	;# 
    81     0018                     	;# 
    82     0019                     	;# 
    83     001A                     	;# 
    84     001B                     	;# 
    85     001B                     	;# 
    86     001C                     	;# 
    87     001D                     	;# 
    88     001E                     	;# 
    89     001F                     	;# 
    90     0081                     	;# 
    91     0085                     	;# 
    92     0086                     	;# 
    93     0087                     	;# 
    94     0088                     	;# 
    95     0089                     	;# 
    96     008C                     	;# 
    97     008D                     	;# 
    98     008E                     	;# 
    99     0091                     	;# 
   100     0092                     	;# 
   101     0093                     	;# 
   102     0094                     	;# 
   103     0098                     	;# 
   104     0099                     	;# 
   105     009C                     	;# 
   106     009D                     	;# 
   107     009E                     	;# 
   108     009F                     	;# 
   109     010C                     	;# 
   110     010D                     	;# 
   111     010E                     	;# 
   112     010F                     	;# 
   113     018C                     	;# 
   114     018D                     	;# 
   115     0000                     	;# 
   116     0001                     	;# 
   117     0002                     	;# 
   118     0003                     	;# 
   119     0004                     	;# 
   120     0005                     	;# 
   121     0006                     	;# 
   122     0007                     	;# 
   123     0008                     	;# 
   124     0009                     	;# 
   125     000A                     	;# 
   126     000B                     	;# 
   127     000C                     	;# 
   128     000D                     	;# 
   129     000E                     	;# 
   130     000E                     	;# 
   131     000F                     	;# 
   132     0010                     	;# 
   133     0011                     	;# 
   134     0012                     	;# 
   135     0013                     	;# 
   136     0014                     	;# 
   137     0015                     	;# 
   138     0015                     	;# 
   139     0016                     	;# 
   140     0017                     	;# 
   141     0018                     	;# 
   142     0019                     	;# 
   143     001A                     	;# 
   144     001B                     	;# 
   145     001B                     	;# 
   146     001C                     	;# 
   147     001D                     	;# 
   148     001E                     	;# 
   149     001F                     	;# 
   150     0081                     	;# 
   151     0085                     	;# 
   152     0086                     	;# 
   153     0087                     	;# 
   154     0088                     	;# 
   155     0089                     	;# 
   156     008C                     	;# 
   157     008D                     	;# 
   158     008E                     	;# 
   159     0091                     	;# 
   160     0092                     	;# 
   161     0093                     	;# 
   162     0094                     	;# 
   163     0098                     	;# 
   164     0099                     	;# 
   165     009C                     	;# 
   166     009D                     	;# 
   167     009E                     	;# 
   168     009F                     	;# 
   169     010C                     	;# 
   170     010D                     	;# 
   171     010E                     	;# 
   172     010F                     	;# 
   173     018C                     	;# 
   174     018D                     	;# 
   175     0000                     	;# 
   176     0001                     	;# 
   177     0002                     	;# 
   178     0003                     	;# 
   179     0004                     	;# 
   180     0005                     	;# 
   181     0006                     	;# 
   182     0007                     	;# 
   183     0008                     	;# 
   184     0009                     	;# 
   185     000A                     	;# 
   186     000B                     	;# 
   187     000C                     	;# 
   188     000D                     	;# 
   189     000E                     	;# 
   190     000E                     	;# 
   191     000F                     	;# 
   192     0010                     	;# 
   193     0011                     	;# 
   194     0012                     	;# 
   195     0013                     	;# 
   196     0014                     	;# 
   197     0015                     	;# 
   198     0015                     	;# 
   199     0016                     	;# 
   200     0017                     	;# 
   201     0018                     	;# 
   202     0019                     	;# 
   203     001A                     	;# 
   204     001B                     	;# 
   205     001B                     	;# 
   206     001C                     	;# 
   207     001D                     	;# 
   208     001E                     	;# 
   209     001F                     	;# 
   210     0081                     	;# 
   211     0085                     	;# 
   212     0086                     	;# 
   213     0087                     	;# 
   214     0088                     	;# 
   215     0089                     	;# 
   216     008C                     	;# 
   217     008D                     	;# 
   218     008E                     	;# 
   219     0091                     	;# 
   220     0092                     	;# 
   221     0093                     	;# 
   222     0094                     	;# 
   223     0098                     	;# 
   224     0099                     	;# 
   225     009C                     	;# 
   226     009D                     	;# 
   227     009E                     	;# 
   228     009F                     	;# 
   229     010C                     	;# 
   230     010D                     	;# 
   231     010E                     	;# 
   232     010F                     	;# 
   233     018C                     	;# 
   234     018D                     	;# 
   235     0000                     	;# 
   236     0001                     	;# 
   237     0002                     	;# 
   238     0003                     	;# 
   239     0004                     	;# 
   240     0005                     	;# 
   241     0006                     	;# 
   242     0007                     	;# 
   243     0008                     	;# 
   244     0009                     	;# 
   245     000A                     	;# 
   246     000B                     	;# 
   247     000C                     	;# 
   248     000D                     	;# 
   249     000E                     	;# 
   250     000E                     	;# 
   251     000F                     	;# 
   252     0010                     	;# 
   253     0011                     	;# 
   254     0012                     	;# 
   255     0013                     	;# 
   256     0014                     	;# 
   257     0015                     	;# 
   258     0015                     	;# 
   259     0016                     	;# 
   260     0017                     	;# 
   261     0018                     	;# 
   262     0019                     	;# 
   263     001A                     	;# 
   264     001B                     	;# 
   265     001B                     	;# 
   266     001C                     	;# 
   267     001D                     	;# 
   268     001E                     	;# 
   269     001F                     	;# 
   270     0081                     	;# 
   271     0085                     	;# 
   272     0086                     	;# 
   273     0087                     	;# 
   274     0088                     	;# 
   275     0089                     	;# 
   276     008C                     	;# 
   277     008D                     	;# 
   278     008E                     	;# 
   279     0091                     	;# 
   280     0092                     	;# 
   281     0093                     	;# 
   282     0094                     	;# 
   283     0098                     	;# 
   284     0099                     	;# 
   285     009C                     	;# 
   286     009D                     	;# 
   287     009E                     	;# 
   288     009F                     	;# 
   289     010C                     	;# 
   290     010D                     	;# 
   291     010E                     	;# 
   292     010F                     	;# 
   293     018C                     	;# 
   294     018D                     	;# 
   295     0018                     _RCSTA	set	24
   296     001A                     _RCREG	set	26
   297     0019                     _TXREG	set	25
   298     0008                     _PORTD	set	8
   299     0007                     _PORTC	set	7
   300     0065                     _RCIF	set	101
   301     0064                     _TXIF	set	100
   302     0099                     _SPBRG	set	153
   303     0098                     _TXSTA	set	152
   304     0088                     _TRISD	set	136
   305     0087                     _TRISC	set	135
   306     043F                     _TRISC7	set	1087
   307     043E                     _TRISC6	set	1086
   308                           
   309                           	psect	strings
   310     0003                     __pstrings:
   311     0003                     stringtab:
   312     0003                     __stringtab:
   313     0003                     stringcode:	
   314                           ;	String table - string pointers are 1 byte each
   315                           
   316     0003                     stringdir:
   317     0003  3000               	movlw	high stringdir
   318     0004  008A               	movwf	10
   319     0005  0804               	movf	4,w
   320     0006  0A84               	incf	4,f
   321     0007  0782               	addwf	2,f
   322     0008                     __stringbase:
   323     0008  3400               	retlw	0
   324     0009                     __end_of__stringtab:
   325     0009                     STR_1:
   326     0009  3441               	retlw	65	;'A'
   327     000A  3464               	retlw	100	;'d'
   328     000B  3463               	retlw	99	;'c'
   329     000C  345F               	retlw	95	;'_'
   330     000D  3452               	retlw	82	;'R'
   331     000E  3465               	retlw	101	;'e'
   332     000F  3463               	retlw	99	;'c'
   333     0010  3465               	retlw	101	;'e'
   334     0011  3469               	retlw	105	;'i'
   335     0012  3476               	retlw	118	;'v'
   336     0013  3465               	retlw	101	;'e'
   337     0014  343A               	retlw	58	;':'
   338     0015  3400               	retlw	0
   339                           
   340                           	psect	cinit
   341     07F8                     start_initialization:	
   342                           ; #config settings
   343                           
   344     07F8                     __initialization:
   345                           
   346                           ; Clear objects allocated to BANK0
   347     07F8  1283               	bcf	3,5	;RP0=0, select bank0
   348     07F9  1303               	bcf	3,6	;RP1=0, select bank0
   349     07FA  01A0               	clrf	__pbssBANK0& (0+127)
   350     07FB  01A1               	clrf	(__pbssBANK0+1)& (0+127)
   351     07FC                     end_of_initialization:	
   352                           ;End of C runtime variable initialization code
   353                           
   354     07FC                     __end_of__initialization:
   355     07FC  0183               	clrf	3
   356     07FD  120A  118A  2FB6   	ljmp	_main	;jump to C main() function
   357                           
   358                           	psect	bssBANK0
   359     0020                     __pbssBANK0:
   360     0020                     _Adc_value:
   361     0020                     	ds	2
   362                           
   363                           	psect	cstackCOMMON
   364     0070                     __pcstackCOMMON:
   365     0070                     ?_USART_Init:
   366     0070                     ??_USART_Init:	
   367                           ; 1 bytes @ 0x0
   368                           
   369     0070                     ?_lcd_init:	
   370                           ; 1 bytes @ 0x0
   371                           
   372     0070                     ?_lcd_cmd:	
   373                           ; 1 bytes @ 0x0
   374                           
   375     0070                     ??_lcd_cmd:	
   376                           ; 1 bytes @ 0x0
   377                           
   378     0070                     ?_lcd_str:	
   379                           ; 1 bytes @ 0x0
   380                           
   381     0070                     ?_Received:	
   382                           ; 1 bytes @ 0x0
   383                           
   384     0070                     ?_lcd_data:	
   385                           ; 1 bytes @ 0x0
   386                           
   387     0070                     ??_lcd_data:	
   388                           ; 1 bytes @ 0x0
   389                           
   390     0070                     ?_USART_Rx:	
   391                           ; 1 bytes @ 0x0
   392                           
   393     0070                     ??_USART_Rx:	
   394                           ; 1 bytes @ 0x0
   395                           
   396     0070                     ?_main:	
   397                           ; 1 bytes @ 0x0
   398                           
   399     0070                     Received@length:	
   400                           ; 2 bytes @ 0x0
   401                           
   402                           
   403                           ; 2 bytes @ 0x0
   404     0070                     	ds	2
   405     0072                     ??_Received:
   406     0072                     lcd_cmd@cmd:	
   407                           ; 1 bytes @ 0x2
   408                           
   409     0072                     lcd_data@data1:	
   410                           ; 1 bytes @ 0x2
   411                           
   412                           
   413                           ; 1 bytes @ 0x2
   414     0072                     	ds	1
   415     0073                     ??_lcd_init:
   416     0073                     ??_lcd_str:	
   417                           ; 1 bytes @ 0x3
   418                           
   419                           
   420                           ; 1 bytes @ 0x3
   421     0073                     	ds	1
   422     0074                     lcd_str@str:
   423                           
   424                           ; 1 bytes @ 0x4
   425     0074                     	ds	2
   426     0076                     Received@temp:
   427                           
   428                           ; 1 bytes @ 0x6
   429     0076                     	ds	1
   430     0077                     Received@ptr:
   431                           
   432                           ; 1 bytes @ 0x7
   433     0077                     	ds	1
   434     0078                     Received@i:
   435                           
   436                           ; 2 bytes @ 0x8
   437     0078                     	ds	2
   438     007A                     ??_main:
   439     007A                     main@Rx_data:	
   440                           ; 1 bytes @ 0xA
   441                           
   442                           
   443                           ; 4 bytes @ 0xA
   444     007A                     	ds	4
   445                           
   446                           	psect	maintext
   447     07B6                     __pmaintext:	
   448 ;;
   449 ;;Main: autosize = 0, tempsize = 0, incstack = 0, save=0
   450 ;;
   451 ;; *************** function _main *****************
   452 ;; Defined at:
   453 ;;		line 8 in file "Adc_Rxd.c"
   454 ;; Parameters:    Size  Location     Type
   455 ;;		None
   456 ;; Auto vars:     Size  Location     Type
   457 ;;  Rx_data         4   10[COMMON] unsigned char [4]
   458 ;; Return value:  Size  Location     Type
   459 ;;                  2   20[None  ] int 
   460 ;; Registers used:
   461 ;;		wreg, fsr0l, fsr0h, status,2, status,0, pclath, cstack
   462 ;; Tracked objects:
   463 ;;		On entry : B00/0
   464 ;;		On exit  : 0/0
   465 ;;		Unchanged: 0/0
   466 ;; Data sizes:     COMMON   BANK0   BANK1   BANK3   BANK2
   467 ;;      Params:         0       0       0       0       0
   468 ;;      Locals:         4       0       0       0       0
   469 ;;      Temps:          0       0       0       0       0
   470 ;;      Totals:         4       0       0       0       0
   471 ;;Total ram usage:        4 bytes
   472 ;; Hardware stack levels required when called: 2
   473 ;; This function calls:
   474 ;;		_Received
   475 ;;		_USART_Init
   476 ;;		_lcd_cmd
   477 ;;		_lcd_data
   478 ;;		_lcd_init
   479 ;;		_lcd_str
   480 ;; This function is called by:
   481 ;;		Startup code after reset
   482 ;; This function uses a non-reentrant model
   483 ;;
   484                           
   485     07B6                     _main:	
   486                           ;psect for function _main
   487                           
   488     07B6                     l778:	
   489                           ;incstack = 0
   490                           ; Regs used in _main: [wreg-fsr0h+status,2+status,0+pclath+cstack]
   491                           
   492                           
   493                           ;Adc_Rxd.c: 10:    unsigned char Rx_data[4];;Adc_Rxd.c: 11:    USART_Init();
   494     07B6  120A  118A  26F6  120A  118A  	fcall	_USART_Init
   495                           
   496                           ;Adc_Rxd.c: 13:    lcd_init();
   497     07BB  120A  118A  2755  120A  118A  	fcall	_lcd_init
   498                           
   499                           ;Adc_Rxd.c: 14:    lcd_cmd(0x80);
   500     07C0  3080               	movlw	128
   501     07C1  120A  118A  271C  120A  118A  	fcall	_lcd_cmd
   502     07C6                     l780:
   503                           
   504                           ;Adc_Rxd.c: 15:    lcd_str("Adc_Receive:");
   505     07C6  3001               	movlw	(low ((STR_1-__stringbase)| (0+32768)))& (0+255)
   506     07C7  120A  118A  2736  120A  118A  	fcall	_lcd_str
   507     07CC                     l782:
   508                           
   509                           ;Adc_Rxd.c: 17:     {;Adc_Rxd.c: 18:       Received(Rx_data,4);
   510     07CC  3004               	movlw	4
   511     07CD  00F0               	movwf	Received@length
   512     07CE  3000               	movlw	0
   513     07CF  00F1               	movwf	Received@length+1
   514     07D0  307A               	movlw	(low (main@Rx_data| 0))& (0+255)
   515     07D1  120A  118A  277E  120A  118A  	fcall	_Received
   516                           
   517                           ;Adc_Rxd.c: 19:       lcd_cmd(0xC0);
   518     07D6  30C0               	movlw	192
   519     07D7  120A  118A  271C  120A  118A  	fcall	_lcd_cmd
   520                           
   521                           ;Adc_Rxd.c: 21:      lcd_data(Rx_data[0]);
   522     07DC  087A               	movf	main@Rx_data,w
   523     07DD  120A  118A  2705  120A  118A  	fcall	_lcd_data
   524                           
   525                           ;Adc_Rxd.c: 22:      lcd_data(Rx_data[1]);
   526     07E2  087B               	movf	main@Rx_data+1,w
   527     07E3  120A  118A  2705  120A  118A  	fcall	_lcd_data
   528                           
   529                           ;Adc_Rxd.c: 23:      lcd_data(Rx_data[2]);
   530     07E8  087C               	movf	main@Rx_data+2,w
   531     07E9  120A  118A  2705  120A  118A  	fcall	_lcd_data
   532                           
   533                           ;Adc_Rxd.c: 24:      lcd_data(Rx_data[3]);
   534     07EE  087D               	movf	main@Rx_data+3,w
   535     07EF  120A  118A  2705  120A  118A  	fcall	_lcd_data
   536     07F4  2FCC               	goto	l782
   537     07F5  120A  118A  2800   	ljmp	start
   538     07F8                     __end_of_main:
   539                           
   540                           	psect	text1
   541     0736                     __ptext1:	
   542 ;; *************** function _lcd_str *****************
   543 ;; Defined at:
   544 ;;		line 30 in file "Lcd_8bit.c"
   545 ;; Parameters:    Size  Location     Type
   546 ;;  str             1    wreg     PTR unsigned char 
   547 ;;		 -> STR_1(13), 
   548 ;; Auto vars:     Size  Location     Type
   549 ;;  str             1    4[COMMON] PTR unsigned char 
   550 ;;		 -> STR_1(13), 
   551 ;; Return value:  Size  Location     Type
   552 ;;                  1    wreg      void 
   553 ;; Registers used:
   554 ;;		wreg, fsr0l, fsr0h, status,2, status,0, pclath, cstack
   555 ;; Tracked objects:
   556 ;;		On entry : 0/0
   557 ;;		On exit  : 0/0
   558 ;;		Unchanged: 0/0
   559 ;; Data sizes:     COMMON   BANK0   BANK1   BANK3   BANK2
   560 ;;      Params:         0       0       0       0       0
   561 ;;      Locals:         1       0       0       0       0
   562 ;;      Temps:          1       0       0       0       0
   563 ;;      Totals:         2       0       0       0       0
   564 ;;Total ram usage:        2 bytes
   565 ;; Hardware stack levels used: 1
   566 ;; Hardware stack levels required when called: 1
   567 ;; This function calls:
   568 ;;		_lcd_data
   569 ;; This function is called by:
   570 ;;		_main
   571 ;; This function uses a non-reentrant model
   572 ;;
   573                           
   574     0736                     _lcd_str:	
   575                           ;psect for function _lcd_str
   576                           
   577                           
   578                           ;incstack = 0
   579                           ; Regs used in _lcd_str: [wreg-fsr0h+status,2+status,0+pclath+cstack]
   580                           ;lcd_str@str stored from wreg
   581     0736  00F4               	movwf	lcd_str@str
   582     0737                     l758:
   583                           
   584                           ;Lcd_8bit.c: 30: void lcd_str(unsigned char *str);Lcd_8bit.c: 31: {;Lcd_8bit.c: 37:  whi
      +                          le(*str)
   585     0737  2F48               	goto	l764
   586     0738                     l760:
   587                           
   588                           ;Lcd_8bit.c: 38:  {;Lcd_8bit.c: 39:   lcd_data(*str++);
   589     0738  0874               	movf	lcd_str@str,w
   590     0739  0084               	movwf	4
   591     073A  120A  118A  2003  120A  118A  	fcall	stringdir
   592     073F  120A  118A  2705  120A  118A  	fcall	_lcd_data
   593     0744                     l762:
   594     0744  3001               	movlw	1
   595     0745  00F3               	movwf	??_lcd_str
   596     0746  0873               	movf	??_lcd_str,w
   597     0747  07F4               	addwf	lcd_str@str,f
   598     0748                     l764:
   599                           
   600                           ;Lcd_8bit.c: 37:  while(*str)
   601     0748  0874               	movf	lcd_str@str,w
   602     0749  0084               	movwf	4
   603     074A  120A  118A  2003  120A  118A  	fcall	stringdir
   604     074F  3A00               	xorlw	0
   605     0750  1D03               	skipz
   606     0751  2F53               	goto	u61
   607     0752  2F54               	goto	u60
   608     0753                     u61:
   609     0753  2F38               	goto	l760
   610     0754                     u60:
   611     0754                     l58:
   612     0754  0008               	return
   613     0755                     __end_of_lcd_str:
   614                           
   615                           	psect	text2
   616     0705                     __ptext2:	
   617 ;; *************** function _lcd_data *****************
   618 ;; Defined at:
   619 ;;		line 22 in file "Lcd_8bit.c"
   620 ;; Parameters:    Size  Location     Type
   621 ;;  data1           1    wreg     unsigned char 
   622 ;; Auto vars:     Size  Location     Type
   623 ;;  data1           1    2[COMMON] unsigned char 
   624 ;; Return value:  Size  Location     Type
   625 ;;                  1    wreg      void 
   626 ;; Registers used:
   627 ;;		wreg, status,2, status,0
   628 ;; Tracked objects:
   629 ;;		On entry : 0/0
   630 ;;		On exit  : 0/0
   631 ;;		Unchanged: 0/0
   632 ;; Data sizes:     COMMON   BANK0   BANK1   BANK3   BANK2
   633 ;;      Params:         0       0       0       0       0
   634 ;;      Locals:         1       0       0       0       0
   635 ;;      Temps:          2       0       0       0       0
   636 ;;      Totals:         3       0       0       0       0
   637 ;;Total ram usage:        3 bytes
   638 ;; Hardware stack levels used: 1
   639 ;; This function calls:
   640 ;;		Nothing
   641 ;; This function is called by:
   642 ;;		_main
   643 ;;		_lcd_str
   644 ;;		_Adc_display
   645 ;; This function uses a non-reentrant model
   646 ;;
   647                           
   648     0705                     _lcd_data:	
   649                           ;psect for function _lcd_data
   650                           
   651                           
   652                           ;incstack = 0
   653                           ; Regs used in _lcd_data: [wreg+status,2+status,0]
   654                           ;lcd_data@data1 stored from wreg
   655     0705  00F2               	movwf	lcd_data@data1
   656     0706                     l694:
   657                           
   658                           ;Lcd_8bit.c: 22: void lcd_data(unsigned char data1);Lcd_8bit.c: 23: {;Lcd_8bit.c: 24:  P
      +                          ORTC|=(1<<0);
   659     0706  1283               	bcf	3,5	;RP0=0, select bank0
   660     0707  1303               	bcf	3,6	;RP1=0, select bank0
   661     0708  1407               	bsf	7,0	;volatile
   662     0709                     l696:
   663                           
   664                           ;Lcd_8bit.c: 25:     PORTD=data1;
   665     0709  0872               	movf	lcd_data@data1,w
   666     070A  0088               	movwf	8	;volatile
   667     070B                     l698:
   668                           
   669                           ;Lcd_8bit.c: 26:     PORTC|=(1<<1);
   670     070B  1487               	bsf	7,1	;volatile
   671                           
   672                           ;Lcd_8bit.c: 27:  _delay((unsigned long)((5)*(20000000/4000.0)));
   673     070C  3021               	movlw	33
   674     070D  00F1               	movwf	??_lcd_data+1
   675     070E  3076               	movlw	118
   676     070F  00F0               	movwf	??_lcd_data
   677     0710                     u97:
   678     0710  0BF0               	decfsz	??_lcd_data,f
   679     0711  2F10               	goto	u97
   680     0712  0BF1               	decfsz	??_lcd_data+1,f
   681     0713  2F10               	goto	u97
   682     0714  0000               	nop
   683     0715                     l700:
   684                           
   685                           ;Lcd_8bit.c: 28:  PORTC&=~(1<<1);
   686     0715  30FD               	movlw	253
   687     0716  00F0               	movwf	??_lcd_data
   688     0717  0870               	movf	??_lcd_data,w
   689     0718  1283               	bcf	3,5	;RP0=0, select bank0
   690     0719  1303               	bcf	3,6	;RP1=0, select bank0
   691     071A  0587               	andwf	7,f	;volatile
   692     071B                     l52:
   693     071B  0008               	return
   694     071C                     __end_of_lcd_data:
   695                           
   696                           	psect	text3
   697     0755                     __ptext3:	
   698 ;; *************** function _lcd_init *****************
   699 ;; Defined at:
   700 ;;		line 4 in file "Lcd_8bit.c"
   701 ;; Parameters:    Size  Location     Type
   702 ;;		None
   703 ;; Auto vars:     Size  Location     Type
   704 ;;		None
   705 ;; Return value:  Size  Location     Type
   706 ;;                  1    wreg      void 
   707 ;; Registers used:
   708 ;;		wreg, status,2, status,0, pclath, cstack
   709 ;; Tracked objects:
   710 ;;		On entry : 0/0
   711 ;;		On exit  : 0/0
   712 ;;		Unchanged: 0/0
   713 ;; Data sizes:     COMMON   BANK0   BANK1   BANK3   BANK2
   714 ;;      Params:         0       0       0       0       0
   715 ;;      Locals:         0       0       0       0       0
   716 ;;      Temps:          2       0       0       0       0
   717 ;;      Totals:         2       0       0       0       0
   718 ;;Total ram usage:        2 bytes
   719 ;; Hardware stack levels used: 1
   720 ;; Hardware stack levels required when called: 1
   721 ;; This function calls:
   722 ;;		_lcd_cmd
   723 ;; This function is called by:
   724 ;;		_main
   725 ;; This function uses a non-reentrant model
   726 ;;
   727                           
   728     0755                     _lcd_init:	
   729                           ;psect for function _lcd_init
   730                           
   731     0755                     l712:	
   732                           ;incstack = 0
   733                           ; Regs used in _lcd_init: [wreg+status,2+status,0+pclath+cstack]
   734                           
   735                           
   736                           ;Lcd_8bit.c: 6: TRISC&=~((1<<0)|(1<<1));
   737     0755  30FC               	movlw	252
   738     0756  00F3               	movwf	??_lcd_init
   739     0757  0873               	movf	??_lcd_init,w
   740     0758  1683               	bsf	3,5	;RP0=1, select bank1
   741     0759  1303               	bcf	3,6	;RP1=0, select bank1
   742     075A  0587               	andwf	7,f	;volatile
   743     075B                     l714:
   744                           
   745                           ;Lcd_8bit.c: 7: TRISD=0x00;
   746     075B  0188               	clrf	8	;volatile
   747     075C                     l716:
   748                           
   749                           ;Lcd_8bit.c: 8: _delay((unsigned long)((20)*(20000000/4000.0)));
   750     075C  3082               	movlw	130
   751     075D  00F4               	movwf	??_lcd_init+1
   752     075E  30DD               	movlw	221
   753     075F  00F3               	movwf	??_lcd_init
   754     0760                     u107:
   755     0760  0BF3               	decfsz	??_lcd_init,f
   756     0761  2F60               	goto	u107
   757     0762  0BF4               	decfsz	??_lcd_init+1,f
   758     0763  2F60               	goto	u107
   759     0764  2F65               	nop2
   760     0765                     l718:
   761                           
   762                           ;Lcd_8bit.c: 9: lcd_cmd (0x38);
   763     0765  3038               	movlw	56
   764     0766  120A  118A  271C  120A  118A  	fcall	_lcd_cmd
   765     076B                     l720:
   766                           
   767                           ;Lcd_8bit.c: 10: lcd_cmd (0x0C);
   768     076B  300C               	movlw	12
   769     076C  120A  118A  271C  120A  118A  	fcall	_lcd_cmd
   770     0771                     l722:
   771                           
   772                           ;Lcd_8bit.c: 11: lcd_cmd (0x06);
   773     0771  3006               	movlw	6
   774     0772  120A  118A  271C  120A  118A  	fcall	_lcd_cmd
   775     0777                     l724:
   776                           
   777                           ;Lcd_8bit.c: 12: lcd_cmd (0x01);
   778     0777  3001               	movlw	1
   779     0778  120A  118A  271C  120A  118A  	fcall	_lcd_cmd
   780     077D                     l46:
   781     077D  0008               	return
   782     077E                     __end_of_lcd_init:
   783                           
   784                           	psect	text4
   785     071C                     __ptext4:	
   786 ;; *************** function _lcd_cmd *****************
   787 ;; Defined at:
   788 ;;		line 14 in file "Lcd_8bit.c"
   789 ;; Parameters:    Size  Location     Type
   790 ;;  cmd             1    wreg     unsigned char 
   791 ;; Auto vars:     Size  Location     Type
   792 ;;  cmd             1    2[COMMON] unsigned char 
   793 ;; Return value:  Size  Location     Type
   794 ;;                  1    wreg      void 
   795 ;; Registers used:
   796 ;;		wreg, status,2, status,0
   797 ;; Tracked objects:
   798 ;;		On entry : 0/0
   799 ;;		On exit  : 0/0
   800 ;;		Unchanged: 0/0
   801 ;; Data sizes:     COMMON   BANK0   BANK1   BANK3   BANK2
   802 ;;      Params:         0       0       0       0       0
   803 ;;      Locals:         1       0       0       0       0
   804 ;;      Temps:          2       0       0       0       0
   805 ;;      Totals:         3       0       0       0       0
   806 ;;Total ram usage:        3 bytes
   807 ;; Hardware stack levels used: 1
   808 ;; This function calls:
   809 ;;		Nothing
   810 ;; This function is called by:
   811 ;;		_main
   812 ;;		_lcd_init
   813 ;; This function uses a non-reentrant model
   814 ;;
   815                           
   816     071C                     _lcd_cmd:	
   817                           ;psect for function _lcd_cmd
   818                           
   819                           
   820                           ;incstack = 0
   821                           ; Regs used in _lcd_cmd: [wreg+status,2+status,0]
   822                           ;lcd_cmd@cmd stored from wreg
   823     071C  00F2               	movwf	lcd_cmd@cmd
   824     071D                     l686:
   825                           
   826                           ;Lcd_8bit.c: 14: void lcd_cmd(unsigned char cmd);Lcd_8bit.c: 15: {;Lcd_8bit.c: 16:  PORT
      +                          C&=~(1<<0);
   827     071D  30FE               	movlw	254
   828     071E  00F0               	movwf	??_lcd_cmd
   829     071F  0870               	movf	??_lcd_cmd,w
   830     0720  1283               	bcf	3,5	;RP0=0, select bank0
   831     0721  1303               	bcf	3,6	;RP1=0, select bank0
   832     0722  0587               	andwf	7,f	;volatile
   833     0723                     l688:
   834                           
   835                           ;Lcd_8bit.c: 17:     PORTD=cmd;
   836     0723  0872               	movf	lcd_cmd@cmd,w
   837     0724  0088               	movwf	8	;volatile
   838     0725                     l690:
   839                           
   840                           ;Lcd_8bit.c: 18:     PORTC|=(1<<1);
   841     0725  1487               	bsf	7,1	;volatile
   842     0726                     l692:
   843                           
   844                           ;Lcd_8bit.c: 19:  _delay((unsigned long)((5)*(20000000/4000.0)));
   845     0726  3021               	movlw	33
   846     0727  00F1               	movwf	??_lcd_cmd+1
   847     0728  3076               	movlw	118
   848     0729  00F0               	movwf	??_lcd_cmd
   849     072A                     u117:
   850     072A  0BF0               	decfsz	??_lcd_cmd,f
   851     072B  2F2A               	goto	u117
   852     072C  0BF1               	decfsz	??_lcd_cmd+1,f
   853     072D  2F2A               	goto	u117
   854     072E  0000               	nop
   855                           
   856                           ;Lcd_8bit.c: 20:  PORTC&=~(1<<1);
   857     072F  30FD               	movlw	253
   858     0730  00F0               	movwf	??_lcd_cmd
   859     0731  0870               	movf	??_lcd_cmd,w
   860     0732  1283               	bcf	3,5	;RP0=0, select bank0
   861     0733  1303               	bcf	3,6	;RP1=0, select bank0
   862     0734  0587               	andwf	7,f	;volatile
   863     0735                     l49:
   864     0735  0008               	return
   865     0736                     __end_of_lcd_cmd:
   866                           
   867                           	psect	text5
   868     06F6                     __ptext5:	
   869 ;; *************** function _USART_Init *****************
   870 ;; Defined at:
   871 ;;		line 16 in file "Usart.c"
   872 ;; Parameters:    Size  Location     Type
   873 ;;		None
   874 ;; Auto vars:     Size  Location     Type
   875 ;;		None
   876 ;; Return value:  Size  Location     Type
   877 ;;                  1    wreg      void 
   878 ;; Registers used:
   879 ;;		wreg
   880 ;; Tracked objects:
   881 ;;		On entry : 0/0
   882 ;;		On exit  : 0/0
   883 ;;		Unchanged: 0/0
   884 ;; Data sizes:     COMMON   BANK0   BANK1   BANK3   BANK2
   885 ;;      Params:         0       0       0       0       0
   886 ;;      Locals:         0       0       0       0       0
   887 ;;      Temps:          0       0       0       0       0
   888 ;;      Totals:         0       0       0       0       0
   889 ;;Total ram usage:        0 bytes
   890 ;; Hardware stack levels used: 1
   891 ;; This function calls:
   892 ;;		Nothing
   893 ;; This function is called by:
   894 ;;		_main
   895 ;; This function uses a non-reentrant model
   896 ;;
   897                           
   898     06F6                     _USART_Init:	
   899                           ;psect for function _USART_Init
   900                           
   901     06F6                     l708:	
   902                           ;incstack = 0
   903                           ; Regs used in _USART_Init: [wreg]
   904                           
   905                           
   906                           ;Usart.c: 18:     TRISC6= 0;
   907     06F6  1683               	bsf	3,5	;RP0=1, select bank1
   908     06F7  1303               	bcf	3,6	;RP1=0, select bank1
   909     06F8  1307               	bcf	7,6	;volatile
   910                           
   911                           ;Usart.c: 19:     TRISC7= 1;
   912     06F9  1787               	bsf	7,7	;volatile
   913     06FA                     l710:
   914                           
   915                           ;Usart.c: 20:     TXSTA=0x26;
   916     06FA  3026               	movlw	38
   917     06FB  0098               	movwf	24	;volatile
   918                           
   919                           ;Usart.c: 21:     RCSTA=0x90;
   920     06FC  3090               	movlw	144
   921     06FD  1283               	bcf	3,5	;RP0=0, select bank0
   922     06FE  1303               	bcf	3,6	;RP1=0, select bank0
   923     06FF  0098               	movwf	24	;volatile
   924                           
   925                           ;Usart.c: 22:     SPBRG=129;
   926     0700  3081               	movlw	129
   927     0701  1683               	bsf	3,5	;RP0=1, select bank1
   928     0702  1303               	bcf	3,6	;RP1=0, select bank1
   929     0703  0099               	movwf	25	;volatile
   930     0704                     l94:
   931     0704  0008               	return
   932     0705                     __end_of_USART_Init:
   933                           
   934                           	psect	text6
   935     077E                     __ptext6:	
   936 ;; *************** function _Received *****************
   937 ;; Defined at:
   938 ;;		line 27 in file "Adc_Rxd.c"
   939 ;; Parameters:    Size  Location     Type
   940 ;;  ptr             1    wreg     PTR int 
   941 ;;		 -> main@Rx_data(4), 
   942 ;;  length          2    0[COMMON] int 
   943 ;; Auto vars:     Size  Location     Type
   944 ;;  ptr             1    7[COMMON] PTR int 
   945 ;;		 -> main@Rx_data(4), 
   946 ;;  i               2    8[COMMON] int 
   947 ;;  temp            1    6[COMMON] unsigned char 
   948 ;; Return value:  Size  Location     Type
   949 ;;                  1    wreg      void 
   950 ;; Registers used:
   951 ;;		wreg, fsr0l, fsr0h, status,2, status,0, pclath, cstack
   952 ;; Tracked objects:
   953 ;;		On entry : 0/0
   954 ;;		On exit  : 0/0
   955 ;;		Unchanged: 0/0
   956 ;; Data sizes:     COMMON   BANK0   BANK1   BANK3   BANK2
   957 ;;      Params:         2       0       0       0       0
   958 ;;      Locals:         4       0       0       0       0
   959 ;;      Temps:          4       0       0       0       0
   960 ;;      Totals:        10       0       0       0       0
   961 ;;Total ram usage:       10 bytes
   962 ;; Hardware stack levels used: 1
   963 ;; Hardware stack levels required when called: 1
   964 ;; This function calls:
   965 ;;		_USART_Rx
   966 ;; This function is called by:
   967 ;;		_main
   968 ;; This function uses a non-reentrant model
   969 ;;
   970                           
   971     077E                     _Received:	
   972                           ;psect for function _Received
   973                           
   974                           
   975                           ;incstack = 0
   976                           ; Regs used in _Received: [wreg-fsr0h+status,2+status,0+pclath+cstack]
   977                           ;Received@ptr stored from wreg
   978     077E  00F7               	movwf	Received@ptr
   979     077F                     l766:
   980                           
   981                           ;Adc_Rxd.c: 27: void Received(int *ptr,int length);Adc_Rxd.c: 28: {;Adc_Rxd.c: 29:  int 
      +                          i;;Adc_Rxd.c: 30:  char temp=USART_Rx();
   982     077F  120A  118A  26EE  120A  118A  	fcall	_USART_Rx
   983     0784  00F6               	movwf	Received@temp
   984     0785                     l768:
   985                           
   986                           ;Adc_Rxd.c: 31:  if(temp==':')
   987     0785  303A               	movlw	58
   988     0786  0676               	xorwf	Received@temp,w
   989     0787  1D03               	btfss	3,2
   990     0788  2F8A               	goto	u71
   991     0789  2F8B               	goto	u70
   992     078A                     u71:
   993     078A  2FB5               	goto	l31
   994     078B                     u70:
   995     078B                     l770:
   996                           
   997                           ;Adc_Rxd.c: 32:  {;Adc_Rxd.c: 33:  for(i=0;i<length;i++)
   998     078B  01F8               	clrf	Received@i
   999     078C  01F9               	clrf	Received@i+1
  1000     078D  2FA7               	goto	l776
  1001     078E                     l772:
  1002                           
  1003                           ;Adc_Rxd.c: 34:  *(ptr+i)=USART_Rx();
  1004     078E  120A  118A  26EE  120A  118A  	fcall	_USART_Rx
  1005     0793  00F2               	movwf	??_Received
  1006     0794  01F3               	clrf	??_Received+1
  1007     0795  0878               	movf	Received@i,w
  1008     0796  00F4               	movwf	??_Received+2
  1009     0797  0774               	addwf	??_Received+2,w
  1010     0798  0777               	addwf	Received@ptr,w
  1011     0799  00F5               	movwf	??_Received+3
  1012     079A  0875               	movf	??_Received+3,w
  1013     079B  0084               	movwf	4
  1014     079C  0872               	movf	??_Received,w
  1015     079D  0080               	movwf	0
  1016     079E  0A84               	incf	4,f
  1017     079F  0873               	movf	??_Received+1,w
  1018     07A0  0080               	movwf	0
  1019     07A1                     l774:
  1020     07A1  3001               	movlw	1
  1021     07A2  07F8               	addwf	Received@i,f
  1022     07A3  1803               	skipnc
  1023     07A4  0AF9               	incf	Received@i+1,f
  1024     07A5  3000               	movlw	0
  1025     07A6  07F9               	addwf	Received@i+1,f
  1026     07A7                     l776:
  1027     07A7  0879               	movf	Received@i+1,w
  1028     07A8  3A80               	xorlw	128
  1029     07A9  00F2               	movwf	??_Received
  1030     07AA  0871               	movf	Received@length+1,w
  1031     07AB  3A80               	xorlw	128
  1032     07AC  0272               	subwf	??_Received,w
  1033     07AD  1D03               	skipz
  1034     07AE  2FB1               	goto	u85
  1035     07AF  0870               	movf	Received@length,w
  1036     07B0  0278               	subwf	Received@i,w
  1037     07B1                     u85:
  1038     07B1  1C03               	skipc
  1039     07B2  2FB4               	goto	u81
  1040     07B3  2FB5               	goto	u80
  1041     07B4                     u81:
  1042     07B4  2F8E               	goto	l772
  1043     07B5                     u80:
  1044     07B5                     l31:
  1045     07B5  0008               	return
  1046     07B6                     __end_of_Received:
  1047                           
  1048                           	psect	text7
  1049     06EE                     __ptext7:	
  1050 ;; *************** function _USART_Rx *****************
  1051 ;; Defined at:
  1052 ;;		line 10 in file "Usart.c"
  1053 ;; Parameters:    Size  Location     Type
  1054 ;;		None
  1055 ;; Auto vars:     Size  Location     Type
  1056 ;;		None
  1057 ;; Return value:  Size  Location     Type
  1058 ;;                  1    wreg      unsigned char 
  1059 ;; Registers used:
  1060 ;;		wreg
  1061 ;; Tracked objects:
  1062 ;;		On entry : 0/0
  1063 ;;		On exit  : 0/0
  1064 ;;		Unchanged: 0/0
  1065 ;; Data sizes:     COMMON   BANK0   BANK1   BANK3   BANK2
  1066 ;;      Params:         0       0       0       0       0
  1067 ;;      Locals:         0       0       0       0       0
  1068 ;;      Temps:          0       0       0       0       0
  1069 ;;      Totals:         0       0       0       0       0
  1070 ;;Total ram usage:        0 bytes
  1071 ;; Hardware stack levels used: 1
  1072 ;; This function calls:
  1073 ;;		Nothing
  1074 ;; This function is called by:
  1075 ;;		_Received
  1076 ;; This function uses a non-reentrant model
  1077 ;;
  1078                           
  1079     06EE                     _USART_Rx:	
  1080                           ;psect for function _USART_Rx
  1081                           
  1082     06EE                     l702:	
  1083                           ;incstack = 0
  1084                           ; Regs used in _USART_Rx: [wreg]
  1085                           
  1086     06EE                     l88:	
  1087                           ;Usart.c: 12:     while(RCIF==0);
  1088                           
  1089     06EE  1283               	bcf	3,5	;RP0=0, select bank0
  1090     06EF  1303               	bcf	3,6	;RP1=0, select bank0
  1091     06F0  1E8C               	btfss	12,5	;volatile
  1092     06F1  2EF3               	goto	u11
  1093     06F2  2EF4               	goto	u10
  1094     06F3                     u11:
  1095     06F3  2EEE               	goto	l88
  1096     06F4                     u10:
  1097     06F4                     l704:
  1098                           
  1099                           ;Usart.c: 14:     return RCREG;
  1100     06F4  081A               	movf	26,w	;volatile
  1101     06F5                     l91:
  1102     06F5  0008               	return
  1103     06F6                     __end_of_USART_Rx:
  1104     007E                     btemp	set	126	;btemp
  1105     007E                     wtemp0	set	126
  1106                           
  1107                           	psect	idloc
  1108                           
  1109                           ;Config register IDLOC0 @ 0x2000
  1110                           ;	unspecified, using default values
  1111     2000                     	org	8192
  1112     2000  3FFF               	dw	16383
  1113                           
  1114                           ;Config register IDLOC1 @ 0x2001
  1115                           ;	unspecified, using default values
  1116     2001                     	org	8193
  1117     2001  3FFF               	dw	16383
  1118                           
  1119                           ;Config register IDLOC2 @ 0x2002
  1120                           ;	unspecified, using default values
  1121     2002                     	org	8194
  1122     2002  3FFF               	dw	16383
  1123                           
  1124                           ;Config register IDLOC3 @ 0x2003
  1125                           ;	unspecified, using default values
  1126     2003                     	org	8195
  1127     2003  3FFF               	dw	16383
  1128                           
  1129                           	psect	config
  1130                           
  1131                           ;Config register CONFIG @ 0x2007
  1132                           ;	Oscillator Selection bits
  1133                           ;	FOSC = HS, HS oscillator
  1134                           ;	Watchdog Timer Enable bit
  1135                           ;	WDTE = OFF, WDT disabled
  1136                           ;	Power-up Timer Enable bit
  1137                           ;	PWRTE = OFF, PWRT disabled
  1138                           ;	Brown-out Reset Enable bit
  1139                           ;	BOREN = OFF, BOR disabled
  1140                           ;	Low-Voltage (Single-Supply) In-Circuit Serial Programming Enable bit
  1141                           ;	LVP = OFF, RB3 is digital I/O, HV on MCLR must be used for programming
  1142                           ;	Data EEPROM Memory Code Protection bit
  1143                           ;	CPD = OFF, Data EEPROM code protection off
  1144                           ;	Flash Program Memory Write Enable bits
  1145                           ;	WRT = OFF, Write protection off; all program memory may be written to by EECON control
  1146                           ;	In-Circuit Debugger Mode bit
  1147                           ;	DEBUG = 0x1, unprogrammed default
  1148                           ;	Flash Program Memory Code Protection bit
  1149                           ;	CP = OFF, Code protection off
  1150     2007                     	org	8199
  1151     2007  3F3A               	dw	16186

Data Sizes:
    Strings     13
    Constant    0
    Data        0
    BSS         2
    Persistent  0
    Stack       0

Auto Spaces:
    Space          Size  Autos    Used
    COMMON           14     14      14
    BANK0            80      0       2
    BANK1            80      0       0
    BANK3            96      0       0
    BANK2            96      0       0

Pointer List with Targets:

    lcd_str@str	PTR unsigned char  size(1) Largest target is 13
		 -> STR_1(CODE[13]), 

    Received@ptr	PTR int  size(1) Largest target is 4
		 -> main@Rx_data(COMMON[4]), 


Critical Paths under _main in COMMON

    _main->_Received
    _lcd_str->_lcd_data
    _lcd_init->_lcd_cmd

Critical Paths under _main in BANK0

    None.

Critical Paths under _main in BANK1

    None.

Critical Paths under _main in BANK3

    None.

Critical Paths under _main in BANK2

    None.

Call Graph Tables:

 ---------------------------------------------------------------------------------
 (Depth) Function   	        Calls       Base Space   Used Autos Params    Refs
 ---------------------------------------------------------------------------------
 (0) _main                                                 4     4      0     475
                                             10 COMMON     4     4      0
                           _Received
                         _USART_Init
                            _lcd_cmd
                           _lcd_data
                           _lcd_init
                            _lcd_str
 ---------------------------------------------------------------------------------
 (1) _lcd_str                                              2     2      0      93
                                              3 COMMON     2     2      0
                           _lcd_data
 ---------------------------------------------------------------------------------
 (2) _lcd_data                                             3     3      0      15
                                              0 COMMON     3     3      0
 ---------------------------------------------------------------------------------
 (1) _lcd_init                                             2     2      0      15
                                              3 COMMON     2     2      0
                            _lcd_cmd
 ---------------------------------------------------------------------------------
 (2) _lcd_cmd                                              3     3      0      15
                                              0 COMMON     3     3      0
 ---------------------------------------------------------------------------------
 (1) _USART_Init                                           0     0      0       0
 ---------------------------------------------------------------------------------
 (1) _Received                                            10     8      2     222
                                              0 COMMON    10     8      2
                           _USART_Rx
 ---------------------------------------------------------------------------------
 (2) _USART_Rx                                             0     0      0       0
 ---------------------------------------------------------------------------------
 Estimated maximum stack depth 2
 ---------------------------------------------------------------------------------

 Call Graph Graphs:

 _main (ROOT)
   _Received
     _USART_Rx
   _USART_Init
   _lcd_cmd
   _lcd_data
   _lcd_init
     _lcd_cmd
   _lcd_str
     _lcd_data

 Address spaces:
Name               Size   Autos  Total    Cost      Usage
BITCOMMON            E      0       0       0        0.0%
EEDATA             100      0       0       0        0.0%
NULL                 0      0       0       0        0.0%
CODE                 0      0       0       0        0.0%
COMMON               E      E       E       1      100.0%
BITSFR0              0      0       0       1        0.0%
SFR0                 0      0       0       1        0.0%
BITSFR1              0      0       0       2        0.0%
SFR1                 0      0       0       2        0.0%
STACK                0      0       0       2        0.0%
ABS                  0      0      10       3        0.0%
BITBANK0            50      0       0       4        0.0%
BITSFR3              0      0       0       4        0.0%
SFR3                 0      0       0       4        0.0%
BANK0               50      0       2       5        2.5%
BITSFR2              0      0       0       5        0.0%
SFR2                 0      0       0       5        0.0%
BITBANK1            50      0       0       6        0.0%
BANK1               50      0       0       7        0.0%
BITBANK3            60      0       0       8        0.0%
BANK3               60      0       0       9        0.0%
BITBANK2            60      0       0      10        0.0%
BANK2               60      0       0      11        0.0%
DATA                 0      0      10      12        0.0%


Microchip Technology PIC Macro Assembler V2.40 build 20220703182018 
Symbol Table                                                                                   Wed Jun 03 13:10:51 2026

                      pc 0002                       l31 07B5                       l52 071B  
                     l46 077D                       l49 0735                       l58 0754  
                     l91 06F5                       l94 0704                       l88 06EE  
                     u10 06F4                       u11 06F3                       u60 0754  
                     u61 0753                       u70 078B                       u71 078A  
                     u80 07B5                       u81 07B4                       u85 07B1  
                     u97 0710            lcd_data@data1 0072                       fsr 0004  
                    l700 0715                      l702 06EE                      l710 06FA  
                    l704 06F4                      l720 076B                      l712 0755  
                    l722 0771                      l714 075B                      l708 06F6  
                    l724 0777                      l716 075C                      l718 0765  
                    l760 0738                      l770 078B                      l690 0725  
                    l762 0744                      l772 078E                      l692 0726  
                    l764 0748                      l780 07C6                      l774 07A1  
                    l766 077F                      l686 071D                      l694 0706  
                    l758 0737                      l782 07CC                      l776 07A7  
                    l768 0785                      l688 0723                      l696 0709  
                    l698 070B                      l778 07B6                      u107 0760  
                    u117 072A              main@Rx_data 007A                      fsr0 0004  
                    indf 0000                     STR_1 0009                     _RCIF 0065  
                   _TXIF 0064                     _main 07B6                     btemp 007E  
                   start 0000                    ?_main 0070                    _RCREG 001A  
                  _RCSTA 0018                    _SPBRG 0099                    _PORTC 0007  
                  _PORTD 0008                    _TRISC 0087                    _TRISD 0088  
                  _TXREG 0019                    _TXSTA 0098          __end_of_lcd_cmd 0736  
        __end_of_lcd_str 0755         __end_of_USART_Rx 06F6                    pclath 000A  
                  status 0003                    wtemp0 007E              ?_USART_Init 0070  
        __initialization 07F8             __end_of_main 07F8         __end_of_Received 07B6  
                 ??_main 007A                   _TRISC6 043E                   _TRISC7 043F  
       __end_of_lcd_data 071C              Received@ptr 0077         __end_of_lcd_init 077E  
              ??_lcd_cmd 0070                ??_lcd_str 0073  __end_of__initialization 07FC  
         __pcstackCOMMON 0070                ?_USART_Rx 0070               __pbssBANK0 0020  
              ?_Received 0070               __pmaintext 07B6               ??_USART_Rx 0070  
              ?_lcd_data 0070                ?_lcd_init 0070               __stringtab 0003  
             ??_Received 0072             ??_USART_Init 0070             Received@temp 0076  
                __ptext1 0736                  __ptext2 0705                  __ptext3 0755  
                __ptext4 071C                  __ptext5 06F6                  __ptext6 077E  
                __ptext7 06EE                  _lcd_cmd 071C                  _lcd_str 0736  
     __end_of_USART_Init 0705               ??_lcd_data 0070               ??_lcd_init 0073  
   end_of_initialization 07FC               lcd_cmd@cmd 0072                _Adc_value 0020  
             lcd_str@str 0074                Received@i 0078      start_initialization 07F8  
         Received@length 0070                ___latbits 0002                __pstrings 0003  
               ?_lcd_cmd 0070                 ?_lcd_str 0070                 _USART_Rx 06EE  
            __stringbase 0008                 _Received 077E       __end_of__stringtab 0009  
               _lcd_data 0705                 _lcd_init 0755                stringcode 0003  
               stringdir 0003                 stringtab 0003               _USART_Init 06F6  
